<html>
<head>
<title>TestNG:  Smoke Test 1</title>
<link href="../testng.css" rel="stylesheet" type="text/css" />
<link href="../my-testng.css" rel="stylesheet" type="text/css" />

<style type="text/css">
.log { display: none;} 
.stack-trace { display: none;} 
</style>
<script type="text/javascript">
<!--
function flip(e) {
  current = e.style.display;
  if (current == 'block') {
    e.style.display = 'none';
    return 0;
  }
  else {
    e.style.display = 'block';
    return 1;
  }
}

function toggleBox(szDivId, elem, msg1, msg2)
{
  var res = -1;  if (document.getElementById) {
    res = flip(document.getElementById(szDivId));
  }
  else if (document.all) {
    // this is the way old msie versions work
    res = flip(document.all[szDivId]);
  }
  if(elem) {
    if(res == 0) elem.innerHTML = msg1; else elem.innerHTML = msg2;
  }

}

function toggleAllBoxes() {
  if (document.getElementsByTagName) {
    d = document.getElementsByTagName('div');
    for (i = 0; i < d.length; i++) {
      if (d[i].className == 'log') {
        flip(d[i]);
      }
    }
  }
}

// -->
</script>

</head>
<body>
<h2 align='center'>Smoke Test 1</h2><table border='1' align="center">
<tr>
<td>Tests passed/Failed/Skipped:</td><td>37/9/3</td>
</tr><tr>
<td>Started on:</td><td>Tue Oct 24 01:23:11 CEST 2023</td>
</tr>
<tr><td>Total time:</td><td>326 seconds (326950 ms)</td>
</tr><tr>
<td>Included groups:</td><td></td>
</tr><tr>
<td>Excluded groups:</td><td></td>
</tr>
</table><p/>
<small><i>(Hover the method name to see the test class name)</i></small><p/>
<table width='100%' border='1' class='invocation-failed'>
<tr><td colspan='4' align='center'><b>FAILED TESTS</b></td></tr>
<tr><td><b>Test method</b></td>
<td><b>Attribute(s)</b></td>
<td width="30%"><b>Exception</b></td>
<td width="10%"><b>Time (seconds)</b></td>
<td><b>Instance</b></td>
</tr>
<tr>
<td title='myapp.tests.topics.Day13_DependsOnMethods.searchTest()'><b>searchTest</b><br>Test class: myapp.tests.topics.Day13_DependsOnMethods</td>
<td><div><pre>java.lang.AssertionError: expected [true] but found [false]
	at myapp.tests.topics.Day13_DependsOnMethods.searchTest(Day13_DependsOnMethods.java:12)
	at java.base/java.util.concurrent.ThreadPoolExecutor.runWorker(ThreadPoolExecutor.java:1136)
	at java.base/java.util.concurrent.ThreadPoolExecutor$Worker.run(ThreadPoolExecutor.java:635)
	at java.base/java.lang.Thread.run(Thread.java:833)
... Removed 14 stack frames</pre></div><a href='#' onClick='toggleBox("stack-trace1333124740", this, "Click to show all stack frames", "Click to hide stack frames")'>Click to show all stack frames</a>
<div class='stack-trace' id='stack-trace1333124740'><pre>java.lang.AssertionError: expected [true] but found [false]
	at org.testng.Assert.fail(Assert.java:111)
	at org.testng.Assert.failNotEquals(Assert.java:1578)
	at org.testng.Assert.assertTrue(Assert.java:57)
	at org.testng.Assert.assertTrue(Assert.java:67)
	at myapp.tests.topics.Day13_DependsOnMethods.searchTest(Day13_DependsOnMethods.java:12)
	at java.base/jdk.internal.reflect.DirectMethodHandleAccessor.invoke(DirectMethodHandleAccessor.java:104)
	at java.base/java.lang.reflect.Method.invoke(Method.java:577)
	at org.testng.internal.invokers.MethodInvocationHelper.invokeMethod(MethodInvocationHelper.java:139)
	at org.testng.internal.invokers.TestInvoker.invokeMethod(TestInvoker.java:664)
	at org.testng.internal.invokers.TestInvoker.invokeTestMethod(TestInvoker.java:227)
	at org.testng.internal.invokers.MethodRunner.runInSequence(MethodRunner.java:50)
	at org.testng.internal.invokers.TestInvoker$MethodInvocationAgent.invoke(TestInvoker.java:957)
	at org.testng.internal.invokers.TestInvoker.invokeTestMethods(TestInvoker.java:200)
	at org.testng.internal.invokers.TestMethodWorker.invokeTestMethods(TestMethodWorker.java:148)
	at org.testng.internal.invokers.TestMethodWorker.run(TestMethodWorker.java:128)
	at java.base/java.util.concurrent.ThreadPoolExecutor.runWorker(ThreadPoolExecutor.java:1136)
	at java.base/java.util.concurrent.ThreadPoolExecutor$Worker.run(ThreadPoolExecutor.java:635)
	at java.base/java.lang.Thread.run(Thread.java:833)
</pre></div></td>
<td>0</td>
<td>myapp.tests.topics.Day13_DependsOnMethods@795cd85e</td></tr>
<tr>
<td title='myapp.tests.dataprovider.Day17_DataProvider2.userCreatingWithDataProvider()'><b>userCreatingWithDataProvider</b><br>Test class: myapp.tests.dataprovider.Day17_DataProvider2</td>
<td><div><pre>org.testng.TestNGException: 
Method public void myapp.tests.dataprovider.Day17_DataProvider2.userCreatingWithDataProvider(java.lang.String,java.lang.String,java.lang.String,java.lang.String,java.lang.String,java.lang.String,java.lang.String) requires a @DataProvider named : dataTablesData in class myapp.utilities.DataProviderUtils
	at java.base/java.util.concurrent.ThreadPoolExecutor.runWorker(ThreadPoolExecutor.java:1136)
	at java.base/java.util.concurrent.ThreadPoolExecutor$Worker.run(ThreadPoolExecutor.java:635)
	at java.base/java.lang.Thread.run(Thread.java:833)
... Removed 9 stack frames</pre></div><a href='#' onClick='toggleBox("stack-trace1297591526", this, "Click to show all stack frames", "Click to hide stack frames")'>Click to show all stack frames</a>
<div class='stack-trace' id='stack-trace1297591526'><pre>org.testng.TestNGException: 
Method public void myapp.tests.dataprovider.Day17_DataProvider2.userCreatingWithDataProvider(java.lang.String,java.lang.String,java.lang.String,java.lang.String,java.lang.String,java.lang.String,java.lang.String) requires a @DataProvider named : dataTablesData in class myapp.utilities.DataProviderUtils
	at org.testng.internal.Parameters.findDataProvider(Parameters.java:526)
	at org.testng.internal.Parameters.handleParameters(Parameters.java:763)
	at org.testng.internal.Parameters.handleParameters(Parameters.java:728)
	at org.testng.internal.invokers.ParameterHandler.handleParameters(ParameterHandler.java:72)
	at org.testng.internal.invokers.ParameterHandler.createParameters(ParameterHandler.java:51)
	at org.testng.internal.invokers.TestInvoker$MethodInvocationAgent.invoke(TestInvoker.java:911)
	at org.testng.internal.invokers.TestInvoker.invokeTestMethods(TestInvoker.java:200)
	at org.testng.internal.invokers.TestMethodWorker.invokeTestMethods(TestMethodWorker.java:148)
	at org.testng.internal.invokers.TestMethodWorker.run(TestMethodWorker.java:128)
	at java.base/java.util.concurrent.ThreadPoolExecutor.runWorker(ThreadPoolExecutor.java:1136)
	at java.base/java.util.concurrent.ThreadPoolExecutor$Worker.run(ThreadPoolExecutor.java:635)
	at java.base/java.lang.Thread.run(Thread.java:833)
</pre></div></td>
<td>0</td>
<td>myapp.tests.dataprovider.Day17_DataProvider2@4facf68f</td></tr>
<tr>
<td title='myapp.tests.topics.Day13_SoftAssertion.hardAssert()'><b>hardAssert</b><br>Test class: myapp.tests.topics.Day13_SoftAssertion</td>
<td><div><pre>java.lang.AssertionError: expected [true] but found [false]
	at myapp.tests.topics.Day13_SoftAssertion.hardAssert(Day13_SoftAssertion.java:17)
	at java.base/java.util.concurrent.ThreadPoolExecutor.runWorker(ThreadPoolExecutor.java:1136)
	at java.base/java.util.concurrent.ThreadPoolExecutor$Worker.run(ThreadPoolExecutor.java:635)
	at java.base/java.lang.Thread.run(Thread.java:833)
... Removed 14 stack frames</pre></div><a href='#' onClick='toggleBox("stack-trace1881573941", this, "Click to show all stack frames", "Click to hide stack frames")'>Click to show all stack frames</a>
<div class='stack-trace' id='stack-trace1881573941'><pre>java.lang.AssertionError: expected [true] but found [false]
	at org.testng.Assert.fail(Assert.java:111)
	at org.testng.Assert.failNotEquals(Assert.java:1578)
	at org.testng.Assert.assertTrue(Assert.java:57)
	at org.testng.Assert.assertTrue(Assert.java:67)
	at myapp.tests.topics.Day13_SoftAssertion.hardAssert(Day13_SoftAssertion.java:17)
	at java.base/jdk.internal.reflect.DirectMethodHandleAccessor.invoke(DirectMethodHandleAccessor.java:104)
	at java.base/java.lang.reflect.Method.invoke(Method.java:577)
	at org.testng.internal.invokers.MethodInvocationHelper.invokeMethod(MethodInvocationHelper.java:139)
	at org.testng.internal.invokers.TestInvoker.invokeMethod(TestInvoker.java:664)
	at org.testng.internal.invokers.TestInvoker.invokeTestMethod(TestInvoker.java:227)
	at org.testng.internal.invokers.MethodRunner.runInSequence(MethodRunner.java:50)
	at org.testng.internal.invokers.TestInvoker$MethodInvocationAgent.invoke(TestInvoker.java:957)
	at org.testng.internal.invokers.TestInvoker.invokeTestMethods(TestInvoker.java:200)
	at org.testng.internal.invokers.TestMethodWorker.invokeTestMethods(TestMethodWorker.java:148)
	at org.testng.internal.invokers.TestMethodWorker.run(TestMethodWorker.java:128)
	at java.base/java.util.concurrent.ThreadPoolExecutor.runWorker(ThreadPoolExecutor.java:1136)
	at java.base/java.util.concurrent.ThreadPoolExecutor$Worker.run(ThreadPoolExecutor.java:635)
	at java.base/java.lang.Thread.run(Thread.java:833)
</pre></div></td>
<td>0</td>
<td>myapp.tests.topics.Day13_SoftAssertion@59fd97a8</td></tr>
<tr>
<td title='myapp.tests.topics.Day13_SoftAssertion.javaAssert()'><b>javaAssert</b><br>Test class: myapp.tests.topics.Day13_SoftAssertion</td>
<td><div><pre>java.lang.AssertionError
	at myapp.tests.topics.Day13_SoftAssertion.javaAssert(Day13_SoftAssertion.java:36)
	at java.base/java.util.concurrent.ThreadPoolExecutor.runWorker(ThreadPoolExecutor.java:1136)
	at java.base/java.util.concurrent.ThreadPoolExecutor$Worker.run(ThreadPoolExecutor.java:635)
	at java.base/java.lang.Thread.run(Thread.java:833)
... Removed 10 stack frames</pre></div><a href='#' onClick='toggleBox("stack-trace629562901", this, "Click to show all stack frames", "Click to hide stack frames")'>Click to show all stack frames</a>
<div class='stack-trace' id='stack-trace629562901'><pre>java.lang.AssertionError
	at myapp.tests.topics.Day13_SoftAssertion.javaAssert(Day13_SoftAssertion.java:36)
	at java.base/jdk.internal.reflect.DirectMethodHandleAccessor.invoke(DirectMethodHandleAccessor.java:104)
	at java.base/java.lang.reflect.Method.invoke(Method.java:577)
	at org.testng.internal.invokers.MethodInvocationHelper.invokeMethod(MethodInvocationHelper.java:139)
	at org.testng.internal.invokers.TestInvoker.invokeMethod(TestInvoker.java:664)
	at org.testng.internal.invokers.TestInvoker.invokeTestMethod(TestInvoker.java:227)
	at org.testng.internal.invokers.MethodRunner.runInSequence(MethodRunner.java:50)
	at org.testng.internal.invokers.TestInvoker$MethodInvocationAgent.invoke(TestInvoker.java:957)
	at org.testng.internal.invokers.TestInvoker.invokeTestMethods(TestInvoker.java:200)
	at org.testng.internal.invokers.TestMethodWorker.invokeTestMethods(TestMethodWorker.java:148)
	at org.testng.internal.invokers.TestMethodWorker.run(TestMethodWorker.java:128)
	at java.base/java.util.concurrent.ThreadPoolExecutor.runWorker(ThreadPoolExecutor.java:1136)
	at java.base/java.util.concurrent.ThreadPoolExecutor$Worker.run(ThreadPoolExecutor.java:635)
	at java.base/java.lang.Thread.run(Thread.java:833)
</pre></div></td>
<td>0</td>
<td>myapp.tests.topics.Day13_SoftAssertion@59fd97a8</td></tr>
<tr>
<td title='myapp.tests.listeners.Day18_ListenersTest.test2()'><b>test2</b><br>Test class: myapp.tests.listeners.Day18_ListenersTest</td>
<td><div><pre>java.lang.AssertionError: expected [true] but found [false]
	at myapp.tests.listeners.Day18_ListenersTest.test2(Day18_ListenersTest.java:27)
	at java.base/java.util.concurrent.ThreadPoolExecutor.runWorker(ThreadPoolExecutor.java:1136)
	at java.base/java.util.concurrent.ThreadPoolExecutor$Worker.run(ThreadPoolExecutor.java:635)
	at java.base/java.lang.Thread.run(Thread.java:833)
... Removed 14 stack frames</pre></div><a href='#' onClick='toggleBox("stack-trace2005965320", this, "Click to show all stack frames", "Click to hide stack frames")'>Click to show all stack frames</a>
<div class='stack-trace' id='stack-trace2005965320'><pre>java.lang.AssertionError: expected [true] but found [false]
	at org.testng.Assert.fail(Assert.java:111)
	at org.testng.Assert.failNotEquals(Assert.java:1578)
	at org.testng.Assert.assertTrue(Assert.java:57)
	at org.testng.Assert.assertTrue(Assert.java:67)
	at myapp.tests.listeners.Day18_ListenersTest.test2(Day18_ListenersTest.java:27)
	at java.base/jdk.internal.reflect.DirectMethodHandleAccessor.invoke(DirectMethodHandleAccessor.java:104)
	at java.base/java.lang.reflect.Method.invoke(Method.java:577)
	at org.testng.internal.invokers.MethodInvocationHelper.invokeMethod(MethodInvocationHelper.java:139)
	at org.testng.internal.invokers.TestInvoker.invokeMethod(TestInvoker.java:664)
	at org.testng.internal.invokers.TestInvoker.invokeTestMethod(TestInvoker.java:227)
	at org.testng.internal.invokers.MethodRunner.runInSequence(MethodRunner.java:50)
	at org.testng.internal.invokers.TestInvoker$MethodInvocationAgent.invoke(TestInvoker.java:957)
	at org.testng.internal.invokers.TestInvoker.invokeTestMethods(TestInvoker.java:200)
	at org.testng.internal.invokers.TestMethodWorker.invokeTestMethods(TestMethodWorker.java:148)
	at org.testng.internal.invokers.TestMethodWorker.run(TestMethodWorker.java:128)
	at java.base/java.util.concurrent.ThreadPoolExecutor.runWorker(ThreadPoolExecutor.java:1136)
	at java.base/java.util.concurrent.ThreadPoolExecutor$Worker.run(ThreadPoolExecutor.java:635)
	at java.base/java.lang.Thread.run(Thread.java:833)
</pre></div></td>
<td>0</td>
<td>myapp.tests.listeners.Day18_ListenersTest@41e36e46</td></tr>
<tr>
<td title='myapp.tests.topics.Day13_DependsOnGroups.searchTest()'><b>searchTest</b><br>Test class: myapp.tests.topics.Day13_DependsOnGroups</td>
<td><div><pre>java.lang.AssertionError: expected [true] but found [false]
	at myapp.tests.topics.Day13_DependsOnGroups.searchTest(Day13_DependsOnGroups.java:13)
	at java.base/java.util.concurrent.ThreadPoolExecutor.runWorker(ThreadPoolExecutor.java:1136)
	at java.base/java.util.concurrent.ThreadPoolExecutor$Worker.run(ThreadPoolExecutor.java:635)
	at java.base/java.lang.Thread.run(Thread.java:833)
... Removed 14 stack frames</pre></div><a href='#' onClick='toggleBox("stack-trace72142726", this, "Click to show all stack frames", "Click to hide stack frames")'>Click to show all stack frames</a>
<div class='stack-trace' id='stack-trace72142726'><pre>java.lang.AssertionError: expected [true] but found [false]
	at org.testng.Assert.fail(Assert.java:111)
	at org.testng.Assert.failNotEquals(Assert.java:1578)
	at org.testng.Assert.assertTrue(Assert.java:57)
	at org.testng.Assert.assertTrue(Assert.java:67)
	at myapp.tests.topics.Day13_DependsOnGroups.searchTest(Day13_DependsOnGroups.java:13)
	at java.base/jdk.internal.reflect.DirectMethodHandleAccessor.invoke(DirectMethodHandleAccessor.java:104)
	at java.base/java.lang.reflect.Method.invoke(Method.java:577)
	at org.testng.internal.invokers.MethodInvocationHelper.invokeMethod(MethodInvocationHelper.java:139)
	at org.testng.internal.invokers.TestInvoker.invokeMethod(TestInvoker.java:664)
	at org.testng.internal.invokers.TestInvoker.invokeTestMethod(TestInvoker.java:227)
	at org.testng.internal.invokers.MethodRunner.runInSequence(MethodRunner.java:50)
	at org.testng.internal.invokers.TestInvoker$MethodInvocationAgent.invoke(TestInvoker.java:957)
	at org.testng.internal.invokers.TestInvoker.invokeTestMethods(TestInvoker.java:200)
	at org.testng.internal.invokers.TestMethodWorker.invokeTestMethods(TestMethodWorker.java:148)
	at org.testng.internal.invokers.TestMethodWorker.run(TestMethodWorker.java:128)
	at java.base/java.util.concurrent.ThreadPoolExecutor.runWorker(ThreadPoolExecutor.java:1136)
	at java.base/java.util.concurrent.ThreadPoolExecutor$Worker.run(ThreadPoolExecutor.java:635)
	at java.base/java.lang.Thread.run(Thread.java:833)
</pre></div></td>
<td>0</td>
<td>myapp.tests.topics.Day13_DependsOnGroups@479d31f3</td></tr>
<tr>
<td title='myapp.tests.practices.CreateAndDeleteAccount.accountCreateDeleteTest()'><b>accountCreateDeleteTest</b><br>Test class: myapp.tests.practices.CreateAndDeleteAccount</td>
<td><div><pre>org.openqa.selenium.TimeoutException: timeout: Timed out receiving message from renderer: 18.672
  (Session info: chrome=118.0.5993.89)
Build info: version: &apos;4.14.1&apos;, revision: &apos;03f8ede370&apos;
System info: os.name: &apos;Windows 10&apos;, os.arch: &apos;amd64&apos;, os.version: &apos;10.0&apos;, java.version: &apos;18.0.2.1&apos;
Driver info: org.openqa.selenium.chrome.ChromeDriver
Command: [c27d9556e700c6700263d879a404f061, get {url=http://automationexercise.com}]
Capabilities {acceptInsecureCerts: false, browserName: chrome, browserVersion: 118.0.5993.89, chrome: {chromedriverVersion: 118.0.5993.70 (e52f33f30b91..., userDataDir: C:\Users\icuvo\AppData\Loca...}, fedcm:accounts: true, goog:chromeOptions: {debuggerAddress: localhost:54598}, networkConnectionEnabled: false, pageLoadStrategy: normal, platformName: windows, proxy: Proxy(), se:cdp: ws://localhost:54598/devtoo..., se:cdpVersion: 118.0.5993.89, setWindowRect: true, strictFileInteractability: false, timeouts: {implicit: 0, pageLoad: 300000, script: 30000}, unhandledPromptBehavior: dismiss and notify, webauthn:extension:credBlob: true, webauthn:extension:largeBlob: true, webauthn:extension:minPinLength: true, webauthn:extension:prf: true, webauthn:virtualAuthenticators: true}
Session ID: c27d9556e700c6700263d879a404f061
	at org.openqa.selenium.remote.codec.w3c.W3CHttpResponseCodec.createException(W3CHttpResponseCodec.java:200)
	at org.openqa.selenium.remote.codec.w3c.W3CHttpResponseCodec.decode(W3CHttpResponseCodec.java:133)
	at org.openqa.selenium.remote.codec.w3c.W3CHttpResponseCodec.decode(W3CHttpResponseCodec.java:52)
	at org.openqa.selenium.remote.HttpCommandExecutor.execute(HttpCommandExecutor.java:191)
	at org.openqa.selenium.remote.service.DriverCommandExecutor.invokeExecute(DriverCommandExecutor.java:200)
	at org.openqa.selenium.remote.service.DriverCommandExecutor.execute(DriverCommandExecutor.java:175)
	at org.openqa.selenium.remote.RemoteWebDriver.execute(RemoteWebDriver.java:602)
	at org.openqa.selenium.remote.RemoteWebDriver.get(RemoteWebDriver.java:304)
	at org.openqa.selenium.support.ThreadGuard$WebDriverInvocationHandler.invokeUnderlying(ThreadGuard.java:99)
	at org.openqa.selenium.support.ThreadGuard$WebDriverInvocationHandler.invoke(ThreadGuard.java:91)
	at jdk.proxy2/jdk.proxy2.$Proxy19.get(Unknown Source)
	at myapp.tests.practices.CreateAndDeleteAccount.accountCreateDeleteTest(CreateAndDeleteAccount.java:35)
	at java.base/java.util.concurrent.ThreadPoolExecutor.runWorker(ThreadPoolExecutor.java:1136)
	at java.base/java.util.concurrent.ThreadPoolExecutor$Worker.run(ThreadPoolExecutor.java:635)
	at java.base/java.lang.Thread.run(Thread.java:833)
... Removed 15 stack frames</pre></div><a href='#' onClick='toggleBox("stack-trace652041904", this, "Click to show all stack frames", "Click to hide stack frames")'>Click to show all stack frames</a>
<div class='stack-trace' id='stack-trace652041904'><pre>org.openqa.selenium.TimeoutException: timeout: Timed out receiving message from renderer: 18.672
  (Session info: chrome=118.0.5993.89)
Build info: version: &apos;4.14.1&apos;, revision: &apos;03f8ede370&apos;
System info: os.name: &apos;Windows 10&apos;, os.arch: &apos;amd64&apos;, os.version: &apos;10.0&apos;, java.version: &apos;18.0.2.1&apos;
Driver info: org.openqa.selenium.chrome.ChromeDriver
Command: [c27d9556e700c6700263d879a404f061, get {url=http://automationexercise.com}]
Capabilities {acceptInsecureCerts: false, browserName: chrome, browserVersion: 118.0.5993.89, chrome: {chromedriverVersion: 118.0.5993.70 (e52f33f30b91..., userDataDir: C:\Users\icuvo\AppData\Loca...}, fedcm:accounts: true, goog:chromeOptions: {debuggerAddress: localhost:54598}, networkConnectionEnabled: false, pageLoadStrategy: normal, platformName: windows, proxy: Proxy(), se:cdp: ws://localhost:54598/devtoo..., se:cdpVersion: 118.0.5993.89, setWindowRect: true, strictFileInteractability: false, timeouts: {implicit: 0, pageLoad: 300000, script: 30000}, unhandledPromptBehavior: dismiss and notify, webauthn:extension:credBlob: true, webauthn:extension:largeBlob: true, webauthn:extension:minPinLength: true, webauthn:extension:prf: true, webauthn:virtualAuthenticators: true}
Session ID: c27d9556e700c6700263d879a404f061
	at java.base/jdk.internal.reflect.DirectConstructorHandleAccessor.newInstance(DirectConstructorHandleAccessor.java:67)
	at java.base/java.lang.reflect.Constructor.newInstanceWithCaller(Constructor.java:499)
	at java.base/java.lang.reflect.Constructor.newInstance(Constructor.java:483)
	at org.openqa.selenium.remote.codec.w3c.W3CHttpResponseCodec.createException(W3CHttpResponseCodec.java:200)
	at org.openqa.selenium.remote.codec.w3c.W3CHttpResponseCodec.decode(W3CHttpResponseCodec.java:133)
	at org.openqa.selenium.remote.codec.w3c.W3CHttpResponseCodec.decode(W3CHttpResponseCodec.java:52)
	at org.openqa.selenium.remote.HttpCommandExecutor.execute(HttpCommandExecutor.java:191)
	at org.openqa.selenium.remote.service.DriverCommandExecutor.invokeExecute(DriverCommandExecutor.java:200)
	at org.openqa.selenium.remote.service.DriverCommandExecutor.execute(DriverCommandExecutor.java:175)
	at org.openqa.selenium.remote.RemoteWebDriver.execute(RemoteWebDriver.java:602)
	at org.openqa.selenium.remote.RemoteWebDriver.get(RemoteWebDriver.java:304)
	at java.base/jdk.internal.reflect.DirectMethodHandleAccessor.invoke(DirectMethodHandleAccessor.java:104)
	at java.base/java.lang.reflect.Method.invoke(Method.java:577)
	at org.openqa.selenium.support.ThreadGuard$WebDriverInvocationHandler.invokeUnderlying(ThreadGuard.java:99)
	at org.openqa.selenium.support.ThreadGuard$WebDriverInvocationHandler.invoke(ThreadGuard.java:91)
	at jdk.proxy2/jdk.proxy2.$Proxy19.get(Unknown Source)
	at myapp.tests.practices.CreateAndDeleteAccount.accountCreateDeleteTest(CreateAndDeleteAccount.java:35)
	at java.base/jdk.internal.reflect.DirectMethodHandleAccessor.invoke(DirectMethodHandleAccessor.java:104)
	at java.base/java.lang.reflect.Method.invoke(Method.java:577)
	at org.testng.internal.invokers.MethodInvocationHelper.invokeMethod(MethodInvocationHelper.java:139)
	at org.testng.internal.invokers.TestInvoker.invokeMethod(TestInvoker.java:664)
	at org.testng.internal.invokers.TestInvoker.invokeTestMethod(TestInvoker.java:227)
	at org.testng.internal.invokers.MethodRunner.runInSequence(MethodRunner.java:50)
	at org.testng.internal.invokers.TestInvoker$MethodInvocationAgent.invoke(TestInvoker.java:957)
	at org.testng.internal.invokers.TestInvoker.invokeTestMethods(TestInvoker.java:200)
	at org.testng.internal.invokers.TestMethodWorker.invokeTestMethods(TestMethodWorker.java:148)
	at org.testng.internal.invokers.TestMethodWorker.run(TestMethodWorker.java:128)
	at java.base/java.util.concurrent.ThreadPoolExecutor.runWorker(ThreadPoolExecutor.java:1136)
	at java.base/java.util.concurrent.ThreadPoolExecutor$Worker.run(ThreadPoolExecutor.java:635)
	at java.base/java.lang.Thread.run(Thread.java:833)
</pre></div></td>
<td>54</td>
<td>myapp.tests.practices.CreateAndDeleteAccount@3d74bf60</td></tr>
<tr>
<td title='myapp.tests.topics.Day13_SoftAssertion.softAssertion()'><b>softAssertion</b><br>Test class: myapp.tests.topics.Day13_SoftAssertion</td>
<td><div><pre>java.lang.AssertionError: Test Case Completed...
	expected [true] but found [false],
	expected [orange] but found [apple]
	at myapp.tests.topics.Day13_SoftAssertion.softAssertion(Day13_SoftAssertion.java:57)
	at java.base/java.util.concurrent.ThreadPoolExecutor.runWorker(ThreadPoolExecutor.java:1136)
	at java.base/java.util.concurrent.ThreadPoolExecutor$Worker.run(ThreadPoolExecutor.java:635)
	at java.base/java.lang.Thread.run(Thread.java:833)
... Removed 11 stack frames</pre></div><a href='#' onClick='toggleBox("stack-trace1364221213", this, "Click to show all stack frames", "Click to hide stack frames")'>Click to show all stack frames</a>
<div class='stack-trace' id='stack-trace1364221213'><pre>java.lang.AssertionError: Test Case Completed...
	expected [true] but found [false],
	expected [orange] but found [apple]
	at org.testng.asserts.SoftAssert.assertAll(SoftAssert.java:46)
	at myapp.tests.topics.Day13_SoftAssertion.softAssertion(Day13_SoftAssertion.java:57)
	at java.base/jdk.internal.reflect.DirectMethodHandleAccessor.invoke(DirectMethodHandleAccessor.java:104)
	at java.base/java.lang.reflect.Method.invoke(Method.java:577)
	at org.testng.internal.invokers.MethodInvocationHelper.invokeMethod(MethodInvocationHelper.java:139)
	at org.testng.internal.invokers.TestInvoker.invokeMethod(TestInvoker.java:664)
	at org.testng.internal.invokers.TestInvoker.invokeTestMethod(TestInvoker.java:227)
	at org.testng.internal.invokers.MethodRunner.runInSequence(MethodRunner.java:50)
	at org.testng.internal.invokers.TestInvoker$MethodInvocationAgent.invoke(TestInvoker.java:957)
	at org.testng.internal.invokers.TestInvoker.invokeTestMethods(TestInvoker.java:200)
	at org.testng.internal.invokers.TestMethodWorker.invokeTestMethods(TestMethodWorker.java:148)
	at org.testng.internal.invokers.TestMethodWorker.run(TestMethodWorker.java:128)
	at java.base/java.util.concurrent.ThreadPoolExecutor.runWorker(ThreadPoolExecutor.java:1136)
	at java.base/java.util.concurrent.ThreadPoolExecutor$Worker.run(ThreadPoolExecutor.java:635)
	at java.base/java.lang.Thread.run(Thread.java:833)
</pre></div></td>
<td>0</td>
<td>myapp.tests.topics.Day13_SoftAssertion@59fd97a8</td></tr>
<tr>
<td title='myapp.tests.listeners.Day18_ListenersTest.test4()'><b>test4</b><br>Test class: myapp.tests.listeners.Day18_ListenersTest</td>
<td><div><pre>org.openqa.selenium.NoSuchElementException: no such element: Unable to locate element: {&quot;method&quot;:&quot;css selector&quot;,&quot;selector&quot;:&quot;#wrong\-id&quot;}
  (Session info: chrome=118.0.5993.89)
For documentation on this error, please visit: https://www.selenium.dev/documentation/webdriver/troubleshooting/errors#no-such-element-exception
Build info: version: &apos;4.14.1&apos;, revision: &apos;03f8ede370&apos;
System info: os.name: &apos;Windows 10&apos;, os.arch: &apos;amd64&apos;, os.version: &apos;10.0&apos;, java.version: &apos;18.0.2.1&apos;
Driver info: org.openqa.selenium.chrome.ChromeDriver
Command: [ebd8e5d1f530850a35546b576e5a85b1, findElement {using=id, value=wrong-id}]
Capabilities {acceptInsecureCerts: false, browserName: chrome, browserVersion: 118.0.5993.89, chrome: {chromedriverVersion: 118.0.5993.70 (e52f33f30b91..., userDataDir: C:\Users\icuvo\AppData\Loca...}, fedcm:accounts: true, goog:chromeOptions: {debuggerAddress: localhost:54802}, networkConnectionEnabled: false, pageLoadStrategy: normal, platformName: windows, proxy: Proxy(), se:cdp: ws://localhost:54802/devtoo..., se:cdpVersion: 118.0.5993.89, setWindowRect: true, strictFileInteractability: false, timeouts: {implicit: 0, pageLoad: 300000, script: 30000}, unhandledPromptBehavior: dismiss and notify, webauthn:extension:credBlob: true, webauthn:extension:largeBlob: true, webauthn:extension:minPinLength: true, webauthn:extension:prf: true, webauthn:virtualAuthenticators: true}
Session ID: ebd8e5d1f530850a35546b576e5a85b1
	at org.openqa.selenium.remote.codec.w3c.W3CHttpResponseCodec.createException(W3CHttpResponseCodec.java:200)
	at org.openqa.selenium.remote.codec.w3c.W3CHttpResponseCodec.decode(W3CHttpResponseCodec.java:133)
	at org.openqa.selenium.remote.codec.w3c.W3CHttpResponseCodec.decode(W3CHttpResponseCodec.java:52)
	at org.openqa.selenium.remote.HttpCommandExecutor.execute(HttpCommandExecutor.java:191)
	at org.openqa.selenium.remote.service.DriverCommandExecutor.invokeExecute(DriverCommandExecutor.java:200)
	at org.openqa.selenium.remote.service.DriverCommandExecutor.execute(DriverCommandExecutor.java:175)
	at org.openqa.selenium.remote.RemoteWebDriver.execute(RemoteWebDriver.java:602)
	at org.openqa.selenium.remote.ElementLocation$ElementFinder$2.findElement(ElementLocation.java:165)
	at org.openqa.selenium.remote.ElementLocation.findElement(ElementLocation.java:66)
	at org.openqa.selenium.remote.RemoteWebDriver.findElement(RemoteWebDriver.java:359)
	at org.openqa.selenium.remote.RemoteWebDriver.findElement(RemoteWebDriver.java:353)
	at org.openqa.selenium.support.ThreadGuard$WebDriverInvocationHandler.invokeUnderlying(ThreadGuard.java:99)
	at org.openqa.selenium.support.ThreadGuard$WebDriverInvocationHandler.invoke(ThreadGuard.java:91)
	at jdk.proxy2/jdk.proxy2.$Proxy19.findElement(Unknown Source)
	at myapp.tests.listeners.Day18_ListenersTest.test4(Day18_ListenersTest.java:40)
	at java.base/java.util.concurrent.ThreadPoolExecutor.runWorker(ThreadPoolExecutor.java:1136)
	at java.base/java.util.concurrent.ThreadPoolExecutor$Worker.run(ThreadPoolExecutor.java:635)
	at java.base/java.lang.Thread.run(Thread.java:833)
... Removed 15 stack frames</pre></div><a href='#' onClick='toggleBox("stack-trace990465991", this, "Click to show all stack frames", "Click to hide stack frames")'>Click to show all stack frames</a>
<div class='stack-trace' id='stack-trace990465991'><pre>org.openqa.selenium.NoSuchElementException: no such element: Unable to locate element: {&quot;method&quot;:&quot;css selector&quot;,&quot;selector&quot;:&quot;#wrong\-id&quot;}
  (Session info: chrome=118.0.5993.89)
For documentation on this error, please visit: https://www.selenium.dev/documentation/webdriver/troubleshooting/errors#no-such-element-exception
Build info: version: &apos;4.14.1&apos;, revision: &apos;03f8ede370&apos;
System info: os.name: &apos;Windows 10&apos;, os.arch: &apos;amd64&apos;, os.version: &apos;10.0&apos;, java.version: &apos;18.0.2.1&apos;
Driver info: org.openqa.selenium.chrome.ChromeDriver
Command: [ebd8e5d1f530850a35546b576e5a85b1, findElement {using=id, value=wrong-id}]
Capabilities {acceptInsecureCerts: false, browserName: chrome, browserVersion: 118.0.5993.89, chrome: {chromedriverVersion: 118.0.5993.70 (e52f33f30b91..., userDataDir: C:\Users\icuvo\AppData\Loca...}, fedcm:accounts: true, goog:chromeOptions: {debuggerAddress: localhost:54802}, networkConnectionEnabled: false, pageLoadStrategy: normal, platformName: windows, proxy: Proxy(), se:cdp: ws://localhost:54802/devtoo..., se:cdpVersion: 118.0.5993.89, setWindowRect: true, strictFileInteractability: false, timeouts: {implicit: 0, pageLoad: 300000, script: 30000}, unhandledPromptBehavior: dismiss and notify, webauthn:extension:credBlob: true, webauthn:extension:largeBlob: true, webauthn:extension:minPinLength: true, webauthn:extension:prf: true, webauthn:virtualAuthenticators: true}
Session ID: ebd8e5d1f530850a35546b576e5a85b1
	at java.base/jdk.internal.reflect.DirectConstructorHandleAccessor.newInstance(DirectConstructorHandleAccessor.java:67)
	at java.base/java.lang.reflect.Constructor.newInstanceWithCaller(Constructor.java:499)
	at java.base/java.lang.reflect.Constructor.newInstance(Constructor.java:483)
	at org.openqa.selenium.remote.codec.w3c.W3CHttpResponseCodec.createException(W3CHttpResponseCodec.java:200)
	at org.openqa.selenium.remote.codec.w3c.W3CHttpResponseCodec.decode(W3CHttpResponseCodec.java:133)
	at org.openqa.selenium.remote.codec.w3c.W3CHttpResponseCodec.decode(W3CHttpResponseCodec.java:52)
	at org.openqa.selenium.remote.HttpCommandExecutor.execute(HttpCommandExecutor.java:191)
	at org.openqa.selenium.remote.service.DriverCommandExecutor.invokeExecute(DriverCommandExecutor.java:200)
	at org.openqa.selenium.remote.service.DriverCommandExecutor.execute(DriverCommandExecutor.java:175)
	at org.openqa.selenium.remote.RemoteWebDriver.execute(RemoteWebDriver.java:602)
	at org.openqa.selenium.remote.ElementLocation$ElementFinder$2.findElement(ElementLocation.java:165)
	at org.openqa.selenium.remote.ElementLocation.findElement(ElementLocation.java:66)
	at org.openqa.selenium.remote.RemoteWebDriver.findElement(RemoteWebDriver.java:359)
	at org.openqa.selenium.remote.RemoteWebDriver.findElement(RemoteWebDriver.java:353)
	at java.base/jdk.internal.reflect.DirectMethodHandleAccessor.invoke(DirectMethodHandleAccessor.java:104)
	at java.base/java.lang.reflect.Method.invoke(Method.java:577)
	at org.openqa.selenium.support.ThreadGuard$WebDriverInvocationHandler.invokeUnderlying(ThreadGuard.java:99)
	at org.openqa.selenium.support.ThreadGuard$WebDriverInvocationHandler.invoke(ThreadGuard.java:91)
	at jdk.proxy2/jdk.proxy2.$Proxy19.findElement(Unknown Source)
	at myapp.tests.listeners.Day18_ListenersTest.test4(Day18_ListenersTest.java:40)
	at java.base/jdk.internal.reflect.DirectMethodHandleAccessor.invoke(DirectMethodHandleAccessor.java:104)
	at java.base/java.lang.reflect.Method.invoke(Method.java:577)
	at org.testng.internal.invokers.MethodInvocationHelper.invokeMethod(MethodInvocationHelper.java:139)
	at org.testng.internal.invokers.TestInvoker.invokeMethod(TestInvoker.java:664)
	at org.testng.internal.invokers.TestInvoker.invokeTestMethod(TestInvoker.java:227)
	at org.testng.internal.invokers.MethodRunner.runInSequence(MethodRunner.java:50)
	at org.testng.internal.invokers.TestInvoker$MethodInvocationAgent.invoke(TestInvoker.java:957)
	at org.testng.internal.invokers.TestInvoker.invokeTestMethods(TestInvoker.java:200)
	at org.testng.internal.invokers.TestMethodWorker.invokeTestMethods(TestMethodWorker.java:148)
	at org.testng.internal.invokers.TestMethodWorker.run(TestMethodWorker.java:128)
	at java.base/java.util.concurrent.ThreadPoolExecutor.runWorker(ThreadPoolExecutor.java:1136)
	at java.base/java.util.concurrent.ThreadPoolExecutor$Worker.run(ThreadPoolExecutor.java:635)
	at java.base/java.lang.Thread.run(Thread.java:833)
</pre></div></td>
<td>59</td>
<td>myapp.tests.listeners.Day18_ListenersTest@41e36e46</td></tr>
</table><p>
<table width='100%' border='1' class='invocation-passed'>
<tr><td colspan='4' align='center'><b>PASSED TESTS</b></td></tr>
<tr><td><b>Test method</b></td>
<td><b>Attribute(s)</b></td>
<td width="30%"><b>Exception</b></td>
<td width="10%"><b>Time (seconds)</b></td>
<td><b>Instance</b></td>
</tr>
<tr>
<td title='myapp.tests.dataprovider.Day16_DataProvider1.employeeCredentialsTest()'><b>employeeCredentialsTest</b><br>Test class: myapp.tests.dataprovider.Day16_DataProvider1<br>Parameters: sam.walker@bluerentalcars.com, c!fas_art</td>
<td></td>
<td>0</td>
<td>myapp.tests.dataprovider.Day16_DataProvider1@5e82df6a</td></tr>
<tr>
<td title='myapp.tests.listeners.Day18_ListenersTest.test1()'><b>test1</b><br>Test class: myapp.tests.listeners.Day18_ListenersTest</td>
<td></td>
<td>0</td>
<td>myapp.tests.listeners.Day18_ListenersTest@41e36e46</td></tr>
<tr>
<td title='myapp.tests.topics.Day13_DependsOnGroups.homePageTest()'><b>homePageTest</b><br>Test class: myapp.tests.topics.Day13_DependsOnGroups</td>
<td></td>
<td>0</td>
<td>myapp.tests.topics.Day13_DependsOnGroups@479d31f3</td></tr>
<tr>
<td title='myapp.tests.practices.XYZBankTest.xyzBankTest()'><b>xyzBankTest</b><br>Test class: myapp.tests.practices.XYZBankTest</td>
<td></td>
<td>107</td>
<td>myapp.tests.practices.XYZBankTest@15eb5ee5</td></tr>
<tr>
<td title='myapp.tests.practices.MedunnaPatient.medunnaPatient()'><b>medunnaPatient</b><br>Test class: myapp.tests.practices.MedunnaPatient<br>Parameters: john_doe103, John.123, John, Doe, johndoe103@gmail.com, 1.23456789E9</td>
<td></td>
<td>29</td>
<td>myapp.tests.practices.MedunnaPatient@4f209819</td></tr>
<tr>
<td title='myapp.tests.dataprovider.Day16_DataProvider1.excelEmployeeDataTest()'><b>excelEmployeeDataTest</b><br>Test class: myapp.tests.dataprovider.Day16_DataProvider1<br>Parameters: sam.walker@bluerentalcars.com, c!fas_art</td>
<td></td>
<td>0</td>
<td>myapp.tests.dataprovider.Day16_DataProvider1@5e82df6a</td></tr>
<tr>
<td title='myapp.tests.topics.Day14_DriverTest.driverTest()'><b>driverTest</b><br>Test class: myapp.tests.topics.Day14_DriverTest</td>
<td></td>
<td>33</td>
<td>myapp.tests.topics.Day14_DriverTest@123ef382</td></tr>
<tr>
<td title='myapp.tests.dataprovider.Day16_DataProvider1.test1()'><b>test1</b><br>Test class: myapp.tests.dataprovider.Day16_DataProvider1<br>Parameters: volvo</td>
<td></td>
<td>0</td>
<td>myapp.tests.dataprovider.Day16_DataProvider1@5e82df6a</td></tr>
<tr>
<td title='myapp.tests.topics.Day13_Annotations.test5()'><b>test5</b><br>Test class: myapp.tests.topics.Day13_Annotations</td>
<td></td>
<td>0</td>
<td>myapp.tests.topics.Day13_Annotations@333291e3</td></tr>
<tr>
<td title='myapp.tests.practices.BrokenImages.brokenImages()'><b>brokenImages</b><br>Test class: myapp.tests.practices.BrokenImages</td>
<td></td>
<td>34</td>
<td>myapp.tests.practices.BrokenImages@15c43bd9</td></tr>
<tr>
<td title='myapp.tests.topics.Day13_Annotations.test1()'><b>test1</b><br>Test class: myapp.tests.topics.Day13_Annotations</td>
<td></td>
<td>0</td>
<td>myapp.tests.topics.Day13_Annotations@333291e3</td></tr>
<tr>
<td title='myapp.tests.practices.MedunnaPatient.medunnaPatient()'><b>medunnaPatient</b><br>Test class: myapp.tests.practices.MedunnaPatient<br>Parameters: john_doe101, John.123, John, Doe, johndoe101@gmail.com, 1.23456789E9</td>
<td></td>
<td>47</td>
<td>myapp.tests.practices.MedunnaPatient@4f209819</td></tr>
<tr>
<td title='myapp.tests.practices.MedunnaPatient.medunnaPatient()'><b>medunnaPatient</b><br>Test class: myapp.tests.practices.MedunnaPatient<br>Parameters: john_doe102, John.123, John, Doe, johndoe102@gmail.com, 1.23456789E9</td>
<td></td>
<td>28</td>
<td>myapp.tests.practices.MedunnaPatient@4f209819</td></tr>
<tr>
<td title='myapp.tests.topics.Day13_DependsOnMethods.homePageTest()'><b>homePageTest</b><br>Test class: myapp.tests.topics.Day13_DependsOnMethods</td>
<td></td>
<td>0</td>
<td>myapp.tests.topics.Day13_DependsOnMethods@795cd85e</td></tr>
<tr>
<td title='myapp.tests.dataprovider.Day16_DataProvider1.excelEmployeeDataTest()'><b>excelEmployeeDataTest</b><br>Test class: myapp.tests.dataprovider.Day16_DataProvider1<br>Parameters: kate.brown@bluerentalcars.com, tad1$Fas</td>
<td></td>
<td>0</td>
<td>myapp.tests.dataprovider.Day16_DataProvider1@5e82df6a</td></tr>
<tr>
<td title='myapp.tests.dataprovider.Day16_DataProvider1.test1()'><b>test1</b><br>Test class: myapp.tests.dataprovider.Day16_DataProvider1<br>Parameters: toyota</td>
<td></td>
<td>0</td>
<td>myapp.tests.dataprovider.Day16_DataProvider1@5e82df6a</td></tr>
<tr>
<td title='myapp.tests.smoketest.Day15_US100201_Admin_Login.US100201_Admin_Login()'><b>US100201_Admin_Login</b><br>Test class: myapp.tests.smoketest.Day15_US100201_Admin_Login</td>
<td></td>
<td>69</td>
<td>myapp.tests.smoketest.Day15_US100201_Admin_Login@2145b572</td></tr>
<tr>
<td title='myapp.tests.dataprovider.Day16_DataProvider1.employeeCredentialsTest()'><b>employeeCredentialsTest</b><br>Test class: myapp.tests.dataprovider.Day16_DataProvider1<br>Parameters: kate.brown@bluerentalcars.com, tad1$Fas</td>
<td></td>
<td>0</td>
<td>myapp.tests.dataprovider.Day16_DataProvider1@5e82df6a</td></tr>
<tr>
<td title='myapp.tests.dataprovider.Day16_DataProvider1.test2()'><b>test2</b><br>Test class: myapp.tests.dataprovider.Day16_DataProvider1<br>Parameters: admin3, pass3, CFO, 65</td>
<td></td>
<td>0</td>
<td>myapp.tests.dataprovider.Day16_DataProvider1@5e82df6a</td></tr>
<tr>
<td title='myapp.tests.practices.MedunnaPatient.medunnaPatient()'><b>medunnaPatient</b><br>Test class: myapp.tests.practices.MedunnaPatient<br>Parameters: john_doe100, John.123, John, Doe, johndoe100@gmail.com, 1.23456789E9</td>
<td></td>
<td>51</td>
<td>myapp.tests.practices.MedunnaPatient@4f209819</td></tr>
<tr>
<td title='myapp.tests.topics.Day13_Annotations.test4()'><b>test4</b><br>Test class: myapp.tests.topics.Day13_Annotations</td>
<td></td>
<td>0</td>
<td>myapp.tests.topics.Day13_Annotations@333291e3</td></tr>
<tr>
<td title='myapp.tests.dataprovider.Day16_DataProvider1.test2()'><b>test2</b><br>Test class: myapp.tests.dataprovider.Day16_DataProvider1<br>Parameters: admin2, pass2, COO, 56</td>
<td></td>
<td>0</td>
<td>myapp.tests.dataprovider.Day16_DataProvider1@5e82df6a</td></tr>
<tr>
<td title='myapp.tests.excelautomation.Day16_ExcelTest.userCreationWithExcel()'><b>userCreationWithExcel</b><br>Test class: myapp.tests.excelautomation.Day16_ExcelTest</td>
<td></td>
<td>147</td>
<td>myapp.tests.excelautomation.Day16_ExcelTest@76508ed1</td></tr>
<tr>
<td title='myapp.tests.dataprovider.Day16_DataProvider1.excelEmployeeDataTest()'><b>excelEmployeeDataTest</b><br>Test class: myapp.tests.dataprovider.Day16_DataProvider1<br>Parameters: pam.raymond@bluerentalcars.com, Nga^g6!</td>
<td></td>
<td>0</td>
<td>myapp.tests.dataprovider.Day16_DataProvider1@5e82df6a</td></tr>
<tr>
<td title='myapp.tests.topics.Day14_ConfigReaderTest.configReaderTest()'><b>configReaderTest</b><br>Test class: myapp.tests.topics.Day14_ConfigReaderTest</td>
<td></td>
<td>44</td>
<td>myapp.tests.topics.Day14_ConfigReaderTest@f5ac9e4</td></tr>
<tr>
<td title='myapp.tests.dataprovider.Day16_DataProvider1.test1()'><b>test1</b><br>Test class: myapp.tests.dataprovider.Day16_DataProvider1<br>Parameters: bmw</td>
<td></td>
<td>0</td>
<td>myapp.tests.dataprovider.Day16_DataProvider1@5e82df6a</td></tr>
<tr>
<td title='myapp.tests.dataprovider.Day16_DataProvider1.excelEmployeeDataTest()'><b>excelEmployeeDataTest</b><br>Test class: myapp.tests.dataprovider.Day16_DataProvider1<br>Parameters: raj.khan@bluerentalcars.com, v7Hg_va^</td>
<td></td>
<td>0</td>
<td>myapp.tests.dataprovider.Day16_DataProvider1@5e82df6a</td></tr>
<tr>
<td title='myapp.tests.practices.MedunnaPatient.medunnaPatient()'><b>medunnaPatient</b><br>Test class: myapp.tests.practices.MedunnaPatient<br>Parameters: john_doe104, John.123, John, Doe, johndoe104@gmail.com, 1.23456789E9</td>
<td></td>
<td>33</td>
<td>myapp.tests.practices.MedunnaPatient@4f209819</td></tr>
<tr>
<td title='myapp.tests.dataprovider.Day16_DataProvider1.employeeCredentialsTest()'><b>employeeCredentialsTest</b><br>Test class: myapp.tests.dataprovider.Day16_DataProvider1<br>Parameters: pam.raymond@bluerentalcars.com, Nga^g6!</td>
<td></td>
<td>0</td>
<td>myapp.tests.dataprovider.Day16_DataProvider1@5e82df6a</td></tr>
<tr>
<td title='myapp.tests.dataprovider.Day16_DataProvider1.test1()'><b>test1</b><br>Test class: myapp.tests.dataprovider.Day16_DataProvider1<br>Parameters: tesla</td>
<td></td>
<td>0</td>
<td>myapp.tests.dataprovider.Day16_DataProvider1@5e82df6a</td></tr>
<tr>
<td title='myapp.tests.dataprovider.Day16_DataProvider1.employeeCredentialsTest()'><b>employeeCredentialsTest</b><br>Test class: myapp.tests.dataprovider.Day16_DataProvider1<br>Parameters: raj.khan@bluerentalcars.com, v7Hg_va^</td>
<td></td>
<td>0</td>
<td>myapp.tests.dataprovider.Day16_DataProvider1@5e82df6a</td></tr>
<tr>
<td title='myapp.tests.dataprovider.Day16_DataProvider1.test1()'><b>test1</b><br>Test class: myapp.tests.dataprovider.Day16_DataProvider1<br>Parameters: honda</td>
<td></td>
<td>0</td>
<td>myapp.tests.dataprovider.Day16_DataProvider1@5e82df6a</td></tr>
<tr>
<td title='myapp.tests.excelautomation.Day16_ExcelTest.userCreationTest()'><b>userCreationTest</b><br>Test class: myapp.tests.excelautomation.Day16_ExcelTest</td>
<td></td>
<td>69</td>
<td>myapp.tests.excelautomation.Day16_ExcelTest@76508ed1</td></tr>
<tr>
<td title='myapp.tests.topics.Day13_DependsOnGroups.checkOutTest()'><b>checkOutTest</b><br>Test class: myapp.tests.topics.Day13_DependsOnGroups</td>
<td></td>
<td>0</td>
<td>myapp.tests.topics.Day13_DependsOnGroups@479d31f3</td></tr>
<tr>
<td title='myapp.tests.dataprovider.Day16_DataProvider1.test2()'><b>test2</b><br>Test class: myapp.tests.dataprovider.Day16_DataProvider1<br>Parameters: admin1, pass1, CEO, 60</td>
<td></td>
<td>0</td>
<td>myapp.tests.dataprovider.Day16_DataProvider1@5e82df6a</td></tr>
<tr>
<td title='myapp.tests.topics.Day15_OrangeHRMLogin.loginTest()'><b>loginTest</b><br>Test class: myapp.tests.topics.Day15_OrangeHRMLogin</td>
<td></td>
<td>54</td>
<td>myapp.tests.topics.Day15_OrangeHRMLogin@dbf57b3</td></tr>
<tr>
<td title='myapp.tests.smoketest.Day15_US100201_Admin_Login.withReusableMethods()'><b>withReusableMethods</b><br>Test class: myapp.tests.smoketest.Day15_US100201_Admin_Login</td>
<td></td>
<td>40</td>
<td>myapp.tests.smoketest.Day15_US100201_Admin_Login@2145b572</td></tr>
</table><p>
<table width='100%' border='1' class='invocation-skipped'>
<tr><td colspan='4' align='center'><b>SKIPPED TESTS</b></td></tr>
<tr><td><b>Test method</b></td>
<td><b>Attribute(s)</b></td>
<td width="30%"><b>Exception</b></td>
<td width="10%"><b>Time (seconds)</b></td>
<td><b>Instance</b></td>
</tr>
<tr>
<td title='myapp.tests.listeners.Day18_ListenersTest.test3()'><b>test3</b><br>Test class: myapp.tests.listeners.Day18_ListenersTest</td>
<td><div><pre>org.testng.SkipException: Skipping test case on purpose
	at myapp.tests.listeners.Day18_ListenersTest.test3(Day18_ListenersTest.java:33)
	at java.base/java.util.concurrent.ThreadPoolExecutor.runWorker(ThreadPoolExecutor.java:1136)
	at java.base/java.util.concurrent.ThreadPoolExecutor$Worker.run(ThreadPoolExecutor.java:635)
	at java.base/java.lang.Thread.run(Thread.java:833)
... Removed 10 stack frames</pre></div><a href='#' onClick='toggleBox("stack-trace194465953", this, "Click to show all stack frames", "Click to hide stack frames")'>Click to show all stack frames</a>
<div class='stack-trace' id='stack-trace194465953'><pre>org.testng.SkipException: Skipping test case on purpose
	at myapp.tests.listeners.Day18_ListenersTest.test3(Day18_ListenersTest.java:33)
	at java.base/jdk.internal.reflect.DirectMethodHandleAccessor.invoke(DirectMethodHandleAccessor.java:104)
	at java.base/java.lang.reflect.Method.invoke(Method.java:577)
	at org.testng.internal.invokers.MethodInvocationHelper.invokeMethod(MethodInvocationHelper.java:139)
	at org.testng.internal.invokers.TestInvoker.invokeMethod(TestInvoker.java:664)
	at org.testng.internal.invokers.TestInvoker.invokeTestMethod(TestInvoker.java:227)
	at org.testng.internal.invokers.MethodRunner.runInSequence(MethodRunner.java:50)
	at org.testng.internal.invokers.TestInvoker$MethodInvocationAgent.invoke(TestInvoker.java:957)
	at org.testng.internal.invokers.TestInvoker.invokeTestMethods(TestInvoker.java:200)
	at org.testng.internal.invokers.TestMethodWorker.invokeTestMethods(TestMethodWorker.java:148)
	at org.testng.internal.invokers.TestMethodWorker.run(TestMethodWorker.java:128)
	at java.base/java.util.concurrent.ThreadPoolExecutor.runWorker(ThreadPoolExecutor.java:1136)
	at java.base/java.util.concurrent.ThreadPoolExecutor$Worker.run(ThreadPoolExecutor.java:635)
	at java.base/java.lang.Thread.run(Thread.java:833)
</pre></div></td>
<td>0</td>
<td>myapp.tests.listeners.Day18_ListenersTest@41e36e46</td></tr>
<tr>
<td title='myapp.tests.topics.Day13_DependsOnMethods.checkOutTest()'><b>checkOutTest</b><br>Test class: myapp.tests.topics.Day13_DependsOnMethods</td>
<td><div><pre>java.lang.Throwable: Method myapp.tests.topics.Day13_DependsOnMethods.checkOutTest() on instance myapp.tests.topics.Day13_DependsOnMethods@795cd85e depends on not successfully finished methods 
[myapp.tests.topics.Day13_DependsOnMethods.searchTest() on instance myapp.tests.topics.Day13_DependsOnMethods@795cd85e]
	at java.base/java.util.concurrent.ThreadPoolExecutor.runWorker(ThreadPoolExecutor.java:1136)
	at java.base/java.util.concurrent.ThreadPoolExecutor$Worker.run(ThreadPoolExecutor.java:635)
	at java.base/java.lang.Thread.run(Thread.java:833)
... Removed 3 stack frames</pre></div><a href='#' onClick='toggleBox("stack-trace220349631", this, "Click to show all stack frames", "Click to hide stack frames")'>Click to show all stack frames</a>
<div class='stack-trace' id='stack-trace220349631'><pre>java.lang.Throwable: Method myapp.tests.topics.Day13_DependsOnMethods.checkOutTest() on instance myapp.tests.topics.Day13_DependsOnMethods@795cd85e depends on not successfully finished methods 
[myapp.tests.topics.Day13_DependsOnMethods.searchTest() on instance myapp.tests.topics.Day13_DependsOnMethods@795cd85e]
	at org.testng.internal.invokers.TestInvoker.invokeTestMethods(TestInvoker.java:156)
	at org.testng.internal.invokers.TestMethodWorker.invokeTestMethods(TestMethodWorker.java:148)
	at org.testng.internal.invokers.TestMethodWorker.run(TestMethodWorker.java:128)
	at java.base/java.util.concurrent.ThreadPoolExecutor.runWorker(ThreadPoolExecutor.java:1136)
	at java.base/java.util.concurrent.ThreadPoolExecutor$Worker.run(ThreadPoolExecutor.java:635)
	at java.base/java.lang.Thread.run(Thread.java:833)
</pre></div></td>
<td>0</td>
<td>myapp.tests.topics.Day13_DependsOnMethods@795cd85e</td></tr>
<tr>
<td title='myapp.tests.topics.Day13_DependsOnGroups.logOutTest()'><b>logOutTest</b><br>Test class: myapp.tests.topics.Day13_DependsOnGroups</td>
<td><div><pre>java.lang.Throwable: Method Day13_DependsOnGroups.logOutTest()[pri:0, instance:myapp.tests.topics.Day13_DependsOnGroups@479d31f3] depends on not successfully finished methods in group &quot;smoke-test&quot;
	at java.base/java.util.concurrent.ThreadPoolExecutor.runWorker(ThreadPoolExecutor.java:1136)
	at java.base/java.util.concurrent.ThreadPoolExecutor$Worker.run(ThreadPoolExecutor.java:635)
	at java.base/java.lang.Thread.run(Thread.java:833)
... Removed 3 stack frames</pre></div><a href='#' onClick='toggleBox("stack-trace1927486493", this, "Click to show all stack frames", "Click to hide stack frames")'>Click to show all stack frames</a>
<div class='stack-trace' id='stack-trace1927486493'><pre>java.lang.Throwable: Method Day13_DependsOnGroups.logOutTest()[pri:0, instance:myapp.tests.topics.Day13_DependsOnGroups@479d31f3] depends on not successfully finished methods in group &quot;smoke-test&quot;
	at org.testng.internal.invokers.TestInvoker.invokeTestMethods(TestInvoker.java:156)
	at org.testng.internal.invokers.TestMethodWorker.invokeTestMethods(TestMethodWorker.java:148)
	at org.testng.internal.invokers.TestMethodWorker.run(TestMethodWorker.java:128)
	at java.base/java.util.concurrent.ThreadPoolExecutor.runWorker(ThreadPoolExecutor.java:1136)
	at java.base/java.util.concurrent.ThreadPoolExecutor$Worker.run(ThreadPoolExecutor.java:635)
	at java.base/java.lang.Thread.run(Thread.java:833)
</pre></div></td>
<td>0</td>
<td>myapp.tests.topics.Day13_DependsOnGroups@479d31f3</td></tr>
</table><p>
</body>
</html>